[2019-12-23 13:07:22:0417] | CInterfaceManager.cpp-L4464: CamCtrl[2020104], GigE SDKVersion(1040104), DriverVersion(1040104)
[2019-12-23 13:07:23:0025] | CInterfaceManager.cpp-L1055: remalloc RecvBuf succeed, [6293504]
[2019-12-23 13:07:23:0056] | CInterfaceManager.cpp-L4150: Camctrl RecvThread Start, ThreadId[11844]
[2019-12-23 13:07:23:0056] | CInterfaceManager.cpp-L3980: Camctrl DisplayThread Start, ThreadId[3196]
[2019-12-23 16:04:06:0292] | CInterfaceManager.cpp-L4464: CamCtrl[2020104], GigE SDKVersion(1040104), DriverVersion(1040104)
[2019-12-23 16:04:06:0967] | CInterfaceManager.cpp-L1055: remalloc RecvBuf succeed, [6293504]
[2019-12-23 16:04:07:0003] | CInterfaceManager.cpp-L3980: Camctrl DisplayThread Start, ThreadId[3488]
[2019-12-23 16:04:07:0004] | CInterfaceManager.cpp-L4150: Camctrl RecvThread Start, ThreadId[14692]
[2019-12-23 16:07:32:0567] | CInterfaceManager.cpp-L4464: CamCtrl[2020104], GigE SDKVersion(1040104), DriverVersion(1040104)
[2019-12-23 16:08:02:0176] | CInterfaceManager.cpp-L4464: CamCtrl[2020104], GigE SDKVersion(1040104), DriverVersion(1040104)
[2019-12-23 16:08:34:0575] | CInterfaceManager.cpp-L4464: CamCtrl[2020104], GigE SDKVersion(1040104), DriverVersion(1040104)
[2019-12-23 16:08:35:0041] | CInterfaceManager.cpp-L1055: remalloc RecvBuf succeed, [6293504]
[2019-12-23 16:08:35:0075] | CInterfaceManager.cpp-L4150: Camctrl RecvThread Start, ThreadId[19196]
[2019-12-23 16:08:35:0076] | CInterfaceManager.cpp-L3980: Camctrl DisplayThread Start, ThreadId[19280]
[2019-12-23 16:11:37:0626] | CInterfaceManager.cpp-L4464: CamCtrl[2020104], GigE SDKVersion(1040104), DriverVersion(1040104)
[2019-12-23 16:11:38:0110] | CInterfaceManager.cpp-L1055: remalloc RecvBuf succeed, [6293504]
[2019-12-23 16:11:38:0147] | CInterfaceManager.cpp-L4150: Camctrl RecvThread Start, ThreadId[15756]
[2019-12-23 16:11:38:0147] | CInterfaceManager.cpp-L3980: Camctrl DisplayThread Start, ThreadId[17832]
[2019-12-23 16:17:34:0210] | CInterfaceManager.cpp-L4464: CamCtrl[2020104], GigE SDKVersion(1040104), DriverVersion(1040104)
[2019-12-23 16:17:56:0017] | CInterfaceManager.cpp-L4464: CamCtrl[2020104], GigE SDKVersion(1040104), DriverVersion(1040104)
[2019-12-23 16:18:35:0114] | CInterfaceManager.cpp-L4464: CamCtrl[2020104], GigE SDKVersion(1040104), DriverVersion(1040104)
[2019-12-23 16:18:35:0654] | CInterfaceManager.cpp-L1055: remalloc RecvBuf succeed, [6293504]
[2019-12-23 16:18:35:0692] | CInterfaceManager.cpp-L4150: Camctrl RecvThread Start, ThreadId[10460]
[2019-12-23 16:18:35:0693] | CInterfaceManager.cpp-L3980: Camctrl DisplayThread Start, ThreadId[10360]
[2019-12-23 16:22:54:0737] | CInterfaceManager.cpp-L4464: CamCtrl[2020104], GigE SDKVersion(1040104), DriverVersion(1040104)
[2019-12-23 16:22:55:0277] | CInterfaceManager.cpp-L1055: remalloc RecvBuf succeed, [6293504]
[2019-12-23 16:22:55:0314] | CInterfaceManager.cpp-L4150: Camctrl RecvThread Start, ThreadId[11764]
[2019-12-23 16:22:55:0314] | CInterfaceManager.cpp-L3980: Camctrl DisplayThread Start, ThreadId[8952]
[2019-12-23 16:25:05:0262] | CInterfaceManager.cpp-L4464: CamCtrl[2020104], GigE SDKVersion(1040104), DriverVersion(1040104)
[2019-12-23 16:25:17:0647] | CInterfaceManager.cpp-L4464: CamCtrl[2020104], GigE SDKVersion(1040104), DriverVersion(1040104)
[2019-12-23 16:25:55:0080] | CInterfaceManager.cpp-L4464: CamCtrl[2020104], GigE SDKVersion(1040104), DriverVersion(1040104)
[2019-12-23 16:25:55:0638] | CInterfaceManager.cpp-L1055: remalloc RecvBuf succeed, [6293504]
[2019-12-23 16:25:55:0667] | CInterfaceManager.cpp-L3980: Camctrl DisplayThread Start, ThreadId[13152]
[2019-12-23 16:25:55:0667] | CInterfaceManager.cpp-L4150: Camctrl RecvThread Start, ThreadId[17612]
[2019-12-23 16:35:28:0707] | CInterfaceManager.cpp-L4464: CamCtrl[2020104], GigE SDKVersion(1040104), DriverVersion(1040104)
[2019-12-23 16:35:29:0043] | CInterfaceManager.cpp-L1055: remalloc RecvBuf succeed, [6293504]
[2019-12-23 16:35:29:0070] | CInterfaceManager.cpp-L4150: Camctrl RecvThread Start, ThreadId[18108]
[2019-12-23 16:35:29:0070] | CInterfaceManager.cpp-L3980: Camctrl DisplayThread Start, ThreadId[15668]
[2019-12-23 16:39:13:0969] | CInterfaceManager.cpp-L4464: CamCtrl[2020104], GigE SDKVersion(1040104), DriverVersion(1040104)
[2019-12-23 16:39:14:0375] | CInterfaceManager.cpp-L1055: remalloc RecvBuf succeed, [6293504]
[2019-12-23 16:39:14:0415] | CInterfaceManager.cpp-L4150: Camctrl RecvThread Start, ThreadId[18200]
[2019-12-23 16:39:14:0415] | CInterfaceManager.cpp-L3980: Camctrl DisplayThread Start, ThreadId[436]
[2019-12-23 16:39:24:0563] | CInterfaceManager.cpp-L4464: CamCtrl[2020104], GigE SDKVersion(1040104), DriverVersion(1040104)
[2019-12-23 16:39:34:0716] | CInterfaceManager.cpp-L4464: CamCtrl[2020104], GigE SDKVersion(1040104), DriverVersion(1040104)
[2019-12-23 16:41:09:0012] | CInterfaceManager.cpp-L4464: CamCtrl[2020104], GigE SDKVersion(1040104), DriverVersion(1040104)
[2019-12-23 16:41:09:0402] | CInterfaceManager.cpp-L1055: remalloc RecvBuf succeed, [6293504]
[2019-12-23 16:41:09:0428] | CInterfaceManager.cpp-L4150: Camctrl RecvThread Start, ThreadId[18628]
[2019-12-23 16:41:09:0428] | CInterfaceManager.cpp-L3980: Camctrl DisplayThread Start, ThreadId[17244]
[2019-12-23 16:48:48:0473] | CInterfaceManager.cpp-L4464: CamCtrl[2020104], GigE SDKVersion(1040104), DriverVersion(1040104)
[2019-12-23 16:48:48:0817] | CInterfaceManager.cpp-L1055: remalloc RecvBuf succeed, [6293504]
[2019-12-23 16:48:48:0843] | CInterfaceManager.cpp-L4150: Camctrl RecvThread Start, ThreadId[18340]
[2019-12-23 16:48:48:0843] | CInterfaceManager.cpp-L3980: Camctrl DisplayThread Start, ThreadId[348]
[2019-12-23 16:56:58:0985] | CInterfaceManager.cpp-L4464: CamCtrl[2020104], GigE SDKVersion(1040104), DriverVersion(1040104)
[2019-12-23 16:56:59:0361] | CInterfaceManager.cpp-L1055: remalloc RecvBuf succeed, [6293504]
[2019-12-23 16:56:59:0391] | CInterfaceManager.cpp-L4150: Camctrl RecvThread Start, ThreadId[10060]
[2019-12-23 16:56:59:0391] | CInterfaceManager.cpp-L3980: Camctrl DisplayThread Start, ThreadId[18380]
[2019-12-23 16:58:07:0095] | CInterfaceManager.cpp-L4464: CamCtrl[2020104], GigE SDKVersion(1040104), DriverVersion(1040104)
[2019-12-23 16:58:07:0415] | CInterfaceManager.cpp-L1055: remalloc RecvBuf succeed, [6293504]
[2019-12-23 16:58:07:0440] | CInterfaceManager.cpp-L4150: Camctrl RecvThread Start, ThreadId[12100]
[2019-12-23 16:58:07:0440] | CInterfaceManager.cpp-L3980: Camctrl DisplayThread Start, ThreadId[3632]
[2019-12-23 17:03:52:0771] | CInterfaceManager.cpp-L4464: CamCtrl[2020104], GigE SDKVersion(1040104), DriverVersion(1040104)
[2019-12-23 17:04:10:0272] | CInterfaceManager.cpp-L4464: CamCtrl[2020104], GigE SDKVersion(1040104), DriverVersion(1040104)
[2019-12-23 17:04:40:0914] | CInterfaceManager.cpp-L4464: CamCtrl[2020104], GigE SDKVersion(1040104), DriverVersion(1040104)
[2019-12-23 17:04:41:0271] | CInterfaceManager.cpp-L1055: remalloc RecvBuf succeed, [6293504]
[2019-12-23 17:04:41:0302] | CInterfaceManager.cpp-L4150: Camctrl RecvThread Start, ThreadId[17664]
[2019-12-23 17:04:41:0303] | CInterfaceManager.cpp-L3980: Camctrl DisplayThread Start, ThreadId[5292]
[2019-12-23 17:07:19:0082] | CInterfaceManager.cpp-L4464: CamCtrl[2020104], GigE SDKVersion(1040104), DriverVersion(1040104)
[2019-12-23 17:07:30:0134] | CInterfaceManager.cpp-L4464: CamCtrl[2020104], GigE SDKVersion(1040104), DriverVersion(1040104)
[2019-12-23 17:07:30:0449] | CInterfaceManager.cpp-L1055: remalloc RecvBuf succeed, [6293504]
[2019-12-23 17:07:30:0477] | CInterfaceManager.cpp-L4150: Camctrl RecvThread Start, ThreadId[13296]
[2019-12-23 17:07:30:0477] | CInterfaceManager.cpp-L3980: Camctrl DisplayThread Start, ThreadId[18832]
[2019-12-23 17:10:18:0733] | CInterfaceManager.cpp-L4464: CamCtrl[2020104], GigE SDKVersion(1040104), DriverVersion(1040104)
[2019-12-23 17:10:19:0138] | CInterfaceManager.cpp-L1055: remalloc RecvBuf succeed, [6293504]
[2019-12-23 17:10:19:0165] | CInterfaceManager.cpp-L3980: Camctrl DisplayThread Start, ThreadId[2880]
[2019-12-23 17:10:19:0165] | CInterfaceManager.cpp-L4150: Camctrl RecvThread Start, ThreadId[6096]
[2019-12-23 17:21:06:0412] | CInterfaceManager.cpp-L4464: CamCtrl[2020104], GigE SDKVersion(1040104), DriverVersion(1040104)
[2019-12-23 17:21:15:0410] | CInterfaceManager.cpp-L4464: CamCtrl[2020104], GigE SDKVersion(1040104), DriverVersion(1040104)
[2019-12-23 17:21:24:0630] | CInterfaceManager.cpp-L4464: CamCtrl[2020104], GigE SDKVersion(1040104), DriverVersion(1040104)
[2019-12-23 17:21:33:0606] | CInterfaceManager.cpp-L4464: CamCtrl[2020104], GigE SDKVersion(1040104), DriverVersion(1040104)
[2019-12-23 17:21:49:0453] | CInterfaceManager.cpp-L4464: CamCtrl[2020104], GigE SDKVersion(1040104), DriverVersion(1040104)
[2019-12-23 17:21:49:0851] | CInterfaceManager.cpp-L1055: remalloc RecvBuf succeed, [6293504]
[2019-12-23 17:21:49:0884] | CInterfaceManager.cpp-L3980: Camctrl DisplayThread Start, ThreadId[13296]
[2019-12-23 17:21:49:0884] | CInterfaceManager.cpp-L4150: Camctrl RecvThread Start, ThreadId[15720]
[2019-12-23 17:24:34:0743] | CInterfaceManager.cpp-L1194: getfcnt [2226], getfcntsucceed[0], totalRecv[0] 
[2019-12-23 17:24:34:0800] | CInterfaceManager.cpp-L4138: DisplayProcess exit
[2019-12-23 17:24:34:0800] | CInterfaceManager.cpp-L4291: RecvThreadProcess exit
[2019-12-23 17:24:47:0110] | CInterfaceManager.cpp-L4464: CamCtrl[2020104], GigE SDKVersion(1040104), DriverVersion(1040104)
[2019-12-23 17:24:47:0505] | CInterfaceManager.cpp-L1055: remalloc RecvBuf succeed, [6293504]
[2019-12-23 17:24:47:0530] | CInterfaceManager.cpp-L4150: Camctrl RecvThread Start, ThreadId[17372]
[2019-12-23 17:24:47:0530] | CInterfaceManager.cpp-L3980: Camctrl DisplayThread Start, ThreadId[7676]
[2019-12-23 17:25:11:0600] | CInterfaceManager.cpp-L1194: getfcnt [322], getfcntsucceed[0], totalRecv[0] 
[2019-12-23 17:25:11:0606] | CInterfaceManager.cpp-L4138: DisplayProcess exit
[2019-12-23 17:25:11:0606] | CInterfaceManager.cpp-L4291: RecvThreadProcess exit
[2019-12-23 17:25:23:0837] | CInterfaceManager.cpp-L4464: CamCtrl[2020104], GigE SDKVersion(1040104), DriverVersion(1040104)
[2019-12-23 17:25:24:0241] | CInterfaceManager.cpp-L1055: remalloc RecvBuf succeed, [6293504]
[2019-12-23 17:25:24:0274] | CInterfaceManager.cpp-L4150: Camctrl RecvThread Start, ThreadId[17708]
[2019-12-23 17:25:24:0274] | CInterfaceManager.cpp-L3980: Camctrl DisplayThread Start, ThreadId[15756]
[2019-12-23 17:25:33:0559] | CInterfaceManager.cpp-L1194: getfcnt [122], getfcntsucceed[0], totalRecv[0] 
[2019-12-23 17:25:33:0642] | CInterfaceManager.cpp-L4291: RecvThreadProcess exit
[2019-12-23 17:25:33:0644] | CInterfaceManager.cpp-L4138: DisplayProcess exit
[2019-12-23 17:25:51:0786] | CInterfaceManager.cpp-L4464: CamCtrl[2020104], GigE SDKVersion(1040104), DriverVersion(1040104)
[2019-12-23 17:25:52:0204] | CInterfaceManager.cpp-L1055: remalloc RecvBuf succeed, [6293504]
[2019-12-23 17:25:52:0240] | CInterfaceManager.cpp-L4150: Camctrl RecvThread Start, ThreadId[3996]
[2019-12-23 17:25:52:0240] | CInterfaceManager.cpp-L3980: Camctrl DisplayThread Start, ThreadId[1884]
[2019-12-23 17:26:10:0580] | CInterfaceManager.cpp-L1194: getfcnt [245], getfcntsucceed[0], totalRecv[0] 
[2019-12-23 17:26:10:0674] | CInterfaceManager.cpp-L4291: RecvThreadProcess exit
[2019-12-23 17:26:10:0674] | CInterfaceManager.cpp-L4138: DisplayProcess exit
[2019-12-23 17:26:20:0122] | CInterfaceManager.cpp-L4464: CamCtrl[2020104], GigE SDKVersion(1040104), DriverVersion(1040104)
[2019-12-23 17:26:20:0522] | CInterfaceManager.cpp-L1055: remalloc RecvBuf succeed, [6293504]
[2019-12-23 17:26:20:0549] | CInterfaceManager.cpp-L4150: Camctrl RecvThread Start, ThreadId[15384]
[2019-12-23 17:26:20:0549] | CInterfaceManager.cpp-L3980: Camctrl DisplayThread Start, ThreadId[18700]
[2019-12-23 17:26:32:0505] | CInterfaceManager.cpp-L1194: getfcnt [158], getfcntsucceed[0], totalRecv[0] 
[2019-12-23 17:26:32:0536] | CInterfaceManager.cpp-L4291: RecvThreadProcess exit
[2019-12-23 17:26:32:0536] | CInterfaceManager.cpp-L4138: DisplayProcess exit
[2019-12-26 13:59:21:0644] | CInterfaceManager.cpp-L4464: CamCtrl[2020104], GigE SDKVersion(1040104), DriverVersion(1040104)
[2019-12-26 14:01:12:0472] | CInterfaceManager.cpp-L4464: CamCtrl[2020104], GigE SDKVersion(1040104), DriverVersion(1040104)
[2019-12-26 14:02:41:0836] | CInterfaceManager.cpp-L4464: CamCtrl[2020104], GigE SDKVersion(1040104), DriverVersion(1040104)
[2019-12-26 14:03:04:0833] | CInterfaceManager.cpp-L4464: CamCtrl[2020104], GigE SDKVersion(1040104), DriverVersion(1040104)
[2019-12-26 14:03:18:0081] | CInterfaceManager.cpp-L4464: CamCtrl[2020104], GigE SDKVersion(1040104), DriverVersion(1040104)
[2019-12-26 14:05:28:0187] | CInterfaceManager.cpp-L4464: CamCtrl[2020104], GigE SDKVersion(1040104), DriverVersion(1040104)
[2019-12-26 14:05:48:0247] | CInterfaceManager.cpp-L4464: CamCtrl[2020104], GigE SDKVersion(1040104), DriverVersion(1040104)
[2019-12-26 14:06:00:0197] | CInterfaceManager.cpp-L4464: CamCtrl[2020104], GigE SDKVersion(1040104), DriverVersion(1040104)
[2019-12-26 14:06:35:0137] | CInterfaceManager.cpp-L4464: CamCtrl[2020104], GigE SDKVersion(1040104), DriverVersion(1040104)
[2019-12-26 14:11:18:0320] | CInterfaceManager.cpp-L4464: CamCtrl[2020104], GigE SDKVersion(1040104), DriverVersion(1040104)
[2019-12-26 14:20:59:0556] | CInterfaceManager.cpp-L4464: CamCtrl[2020104], GigE SDKVersion(1040104), DriverVersion(1040104)
[2019-12-26 14:23:51:0911] | CInterfaceManager.cpp-L4464: CamCtrl[2020104], GigE SDKVersion(1040104), DriverVersion(1040104)
[2019-12-26 14:25:00:0683] | CInterfaceManager.cpp-L4464: CamCtrl[2020104], GigE SDKVersion(1040104), DriverVersion(1040104)
[2019-12-26 14:26:23:0862] | CInterfaceManager.cpp-L4464: CamCtrl[2020104], GigE SDKVersion(1040104), DriverVersion(1040104)
[2019-12-26 14:33:56:0328] | CInterfaceManager.cpp-L4464: CamCtrl[2020104], GigE SDKVersion(1040104), DriverVersion(1040104)
[2019-12-26 14:35:41:0493] | CInterfaceManager.cpp-L4464: CamCtrl[2020104], GigE SDKVersion(1040104), DriverVersion(1040104)
[2019-12-26 14:37:24:0541] | CInterfaceManager.cpp-L4464: CamCtrl[2020104], GigE SDKVersion(1040104), DriverVersion(1040104)
